This is e-upTeX, Version 3.141592653-p4.1.2-u2.00-250202-2.6 (utf8.euc) (TeX Live 2025) (preloaded format=platex 2025.10.12)  17 DEC 2025 18:53
entering extended mode
 restricted \write18 enabled.
 %&-line parsing enabled.
**main_YOURNAME_paper20XX.tex
(./main_YOURNAME_paper20XX.tex
pLaTeX2e <2023-02-14>+1, based on
LaTeX2e <2025-06-01> patch level 1
L3 programming layer <2025-09-02>
(./tex_files/jreport2.cls

LaTeX Warning: You have requested document class `./tex_files/jreport2',
               but the document class provides `jreport'.

Document Class: jreport 2001/10/04 v1.3 Standard pLaTeX class
\c@@paper=\count274
(/usr/local/texlive/2025/texmf-dist/tex/platex/base/jsize12.clo
File: jsize12.clo 2020/09/30 v1.8f Standard pLaTeX file (size option)
)
\c@part=\count275
\c@chapter=\count276
\c@section=\count277
\c@subsection=\count278
\c@subsubsection=\count279
\c@paragraph=\count280
\c@subparagraph=\count281
\c@figure=\count282
\c@table=\count283
\abovecaptionskip=\skip49
\belowcaptionskip=\skip50
\symmincho=\mathgroup4
LaTeX Font Info:    Overwriting symbol font `mincho' in version `bold'
(Font)                  JY1/mc/m/n --> JY1/gt/m/n on input line 673.
\toclineskip=\dimen164
\@lnumwidth=\dimen165
\bibindent=\dimen166
\heisei=\count284
)
(/usr/local/texlive/2025/texmf-dist/tex/latex/graphics/graphicx.sty
Package: graphicx 2024/12/31 v1.2e Enhanced LaTeX Graphics (DPC,SPQR)

(/usr/local/texlive/2025/texmf-dist/tex/latex/graphics/keyval.sty
Package: keyval 2022/05/29 v1.15 key=value parser (DPC)
\KV@toks@=\toks18
)
(/usr/local/texlive/2025/texmf-dist/tex/latex/graphics/graphics.sty
Package: graphics 2024/08/06 v1.4g Standard LaTeX Graphics (DPC,SPQR)

(/usr/local/texlive/2025/texmf-dist/tex/latex/graphics/trig.sty
Package: trig 2023/12/02 v1.11 sin cos tan (DPC)
)
(/usr/local/texlive/2025/texmf-dist/tex/latex/graphics-cfg/graphics.cfg
File: graphics.cfg 2016/06/04 v1.11 sample graphics configuration
)
Package graphics Info: Driver file: dvipdfmx.def on input line 106.

(/usr/local/texlive/2025/texmf-dist/tex/latex/graphics-def/dvipdfmx.def
File: dvipdfmx.def 2025/09/29 v5.0n Graphics/color driver for dvipdfmx
))
\Gin@req@height=\dimen167
\Gin@req@width=\dimen168
)
(./tex_files/hangcaption.sty
\captionwidth=\skip51
)
(/usr/local/texlive/2025/texmf-dist/tex/latex/amsfonts/amssymb.sty
Package: amssymb 2013/01/14 v3.01 AMS font symbols

(/usr/local/texlive/2025/texmf-dist/tex/latex/amsfonts/amsfonts.sty
Package: amsfonts 2013/01/14 v3.01 Basic AMSFonts support
\@emptytoks=\toks19
\symAMSa=\mathgroup5
\symAMSb=\mathgroup6
LaTeX Font Info:    Redeclaring math symbol \hbar on input line 98.
LaTeX Font Info:    Overwriting math alphabet `\mathfrak' in version `bold'
(Font)                  U/euf/m/n --> U/euf/b/n on input line 106.
))
(./tex_files/fancyheadings.sty
\fancy@headwidth=\skip52
\f@ncyO@elh=\skip53
\f@ncyO@erh=\skip54
\f@ncyO@olh=\skip55
\f@ncyO@orh=\skip56
\f@ncyO@elf=\skip57
\f@ncyO@erf=\skip58
\f@ncyO@olf=\skip59
\f@ncyO@orf=\skip60
)
(/usr/local/texlive/2025/texmf-dist/tex/latex/psnfss/pifont.sty
Package: pifont 2020/03/25 PSNFSS-v9.3 Pi font support (SPQR) 

(I search kanjifont definition file: . . ) (I search font definition file: . .
. . . . . )
LaTeX Font Info:    Trying to load font information for U+pzd on input line 63.

 (/usr/local/texlive/2025/texmf-dist/tex/latex/psnfss/upzd.fd
File: upzd.fd 2001/06/04 font definitions for U/pzd.
)
(I search kanjifont definition file: . . ) (I search font definition file: . .
. . . . . )
LaTeX Font Info:    Trying to load font information for U+psy on input line 64.

 (/usr/local/texlive/2025/texmf-dist/tex/latex/psnfss/upsy.fd
File: upsy.fd 2001/06/04 font definitions for U/psy.
))
(./tex_files/cite.sty

LaTeX Warning: You have requested package `./tex_files/cite',
               but the package provides `cite'.

Package: cite 1999/04/23  v 3.8
) (./tex_files/here.sty)
(/usr/local/texlive/2025/texmf-dist/tex/latex/l3backend/l3backend-dvips.def
File: l3backend-dvips.def 2025-06-09 L3 backend support: dvips
\l__pdfannot_backend_content_box=\box70
\l__pdfannot_backend_model_box=\box71
\g__pdfannot_backend_int=\count285
\g__pdfannot_backend_link_int=\count286
\g__pdfannot_backend_link_sf_int=\count287
)

LaTeX Warning: Unused global option(s):
    [eclepsf].

No file main_YOURNAME_paper20XX.aux.
\openout1 = `main_YOURNAME_paper20XX.aux'.

LaTeX Font Info:    Checking defaults for OML/cmm/m/it on input line 21.
LaTeX Font Info:    ... okay on input line 21.
LaTeX Font Info:    Checking defaults for OMS/cmsy/m/n on input line 21.
LaTeX Font Info:    ... okay on input line 21.
LaTeX Font Info:    Checking defaults for OT1/cmr/m/n on input line 21.
LaTeX Font Info:    ... okay on input line 21.
LaTeX Font Info:    Checking defaults for T1/cmr/m/n on input line 21.
LaTeX Font Info:    ... okay on input line 21.
LaTeX Font Info:    Checking defaults for TS1/cmr/m/n on input line 21.
LaTeX Font Info:    ... okay on input line 21.
LaTeX Font Info:    Checking defaults for OMX/cmex/m/n on input line 21.
LaTeX Font Info:    ... okay on input line 21.
LaTeX Font Info:    Checking defaults for U/cmr/m/n on input line 21.
LaTeX Font Info:    ... okay on input line 21.
LaTeX Font Info:    Checking defaults for JY1/mc/m/n on input line 21.
LaTeX Font Info:    ... okay on input line 21.
LaTeX Font Info:    Checking defaults for JT1/mc/m/n on input line 21.
LaTeX Font Info:    ... okay on input line 21.
LaTeX Font Info:    Trying to load font information for U+msa on input line 42.

(/usr/local/texlive/2025/texmf-dist/tex/latex/amsfonts/umsa.fd
File: umsa.fd 2013/01/14 v3.01 AMS symbols A
)
LaTeX Font Info:    Trying to load font information for U+msb on input line 42.


(/usr/local/texlive/2025/texmf-dist/tex/latex/amsfonts/umsb.fd
File: umsb.fd 2013/01/14 v3.01 AMS symbols B
)

[1


]
LaTeX Font Info:    Font shape `JT1/mc/bx/n' in size <12> not available
(Font)              Font shape `JT1/gt/m/n' tried instead on input line 70.
LaTeX Font Info:    Font shape `JY1/mc/bx/n' in size <12> not available
(Font)              Font shape `JY1/gt/m/n' tried instead on input line 70.


[1]

[2]
LaTeX Font Info:    Font shape `JT1/mc/bx/n' in size <24.88> not available
(Font)              Font shape `JT1/gt/m/n' tried instead on input line 163.
LaTeX Font Info:    Font shape `JY1/mc/bx/n' in size <24.88> not available
(Font)              Font shape `JY1/gt/m/n' tried instead on input line 163.
 (./main_YOURNAME_paper20XX.toc

[3

])
\tf@toc=\write3
\openout3 = `main_YOURNAME_paper20XX.toc'.



LaTeX Font Info:    Kanji font shape `JY1/mc/m/sl' undefined
(Font)              No change on input line 165.
LaTeX Font Info:    Kanji font shape `JY1/mc/m/sl' undefined
(Font)              No change on input line 165.

Package Fancyhdr Warning: \headheight is too small (12.0pt): 
 Make it at least 16.49998pt.
 We now make it that large for the rest of the document.
 This may cause the page layout to be inconsistent, however.

[4] (./main_YOURNAME_paper20XX.lof
Overfull \hbox (19.4038pt too wide) in paragraph at lines 29--29
 [][] []\OT1/cmr/m/n/12 Adapted FM-CAM \JY1/mc/m/n/12 のポ ート数増加に対する \
OT1/cmr/m/n/12 FPGA (Xil-inx XC4VLX160) 
 []



[5

]

LaTeX Font Info:    Kanji font shape `JY1/mc/m/sl' undefined
(Font)              No change on input line 62.
LaTeX Font Info:    Kanji font shape `JY1/mc/m/sl' undefined
(Font)              No change on input line 62.
[6])
\tf@lof=\write4
\openout4 = `main_YOURNAME_paper20XX.lof'.



LaTeX Font Info:    Kanji font shape `JY1/mc/m/sl' undefined
(Font)              No change on input line 167.
LaTeX Font Info:    Kanji font shape `JY1/mc/m/sl' undefined
(Font)              No change on input line 167.
[7]

[8

] (./main_YOURNAME_paper20XX.lot)
\tf@lot=\write5
\openout5 = `main_YOURNAME_paper20XX.lot'.



[9] (./chptr1.tex
第 1 章

LaTeX Warning: Citation `pjpmik04' on page 1 undefined on input line 17.


LaTeX Warning: Citation `vcimiy00' on page 1 undefined on input line 17.


LaTeX Warning: Citation `fr50001' on page 1 undefined on input line 17.


LaTeX Warning: Reference `lbl_cp1_haikei' on page 1 undefined on input line 31.



LaTeX Warning: Reference `lbl_cp1_gijyutu' on page 1 undefined on input line 33
.


LaTeX Warning: Reference `lbl_cp1_rsrchpst' on page 1 undefined on input line 3
4.


LaTeX Warning: Reference `lbl_cp1_mokuteki' on page 1 undefined on input line 3
8.


LaTeX Warning: Reference `lbl_cp1_kousei' on page 1 undefined on input line 40.


LaTeX Font Info:    Font shape `JT1/mc/bx/n' in size <17.28> not available
(Font)              Font shape `JT1/gt/m/n' tried instead on input line 46.
LaTeX Font Info:    Font shape `JY1/mc/bx/n' in size <17.28> not available
(Font)              Font shape `JY1/gt/m/n' tried instead on input line 46.

LaTeX Warning: Reference `nomura' on page 1 undefined on input line 53.


LaTeX Warning: Reference `nomura_mobile' on page 1 undefined on input line 58.



[1


]
File: ./pics/nomura.eps Graphic file (type eps)
<./pics/nomura.eps>
File: ./pics/nomura_mobile.eps Graphic file (type eps)
<./pics/nomura_mobile.eps>


LaTeX Warning: Citation `shiinfj' on page 2 undefined on input line 90.


LaTeX Warning: Citation `kahadbt04' on page 2 undefined on input line 92.


LaTeX Warning: Reference `mlt_spc' on page 2 undefined on input line 120.


LaTeX Warning: Citation `hjfr5505' on page 2 undefined on input line 127.


LaTeX Warning: Citation `satggsl01j' on page 2 undefined on input line 133.


LaTeX Warning: Citation `jaresh7785' on page 2 undefined on input line 136.



[2]

[3]
File: ./pics/mlt_spc.eps Graphic file (type eps)
<./pics/mlt_spc.eps>


[4]

LaTeX Warning: Reference `mlt_alg' on page 5 undefined on input line 155.



[5]
File: ./pics/mlt_alg.eps Graphic file (type eps)
<./pics/mlt_alg.eps>


LaTeX Warning: Reference `lbl_cp1_gijyutu' on page 6 undefined on input line 19
0.


LaTeX Warning: Reference `lbl_cp1_rsrchpst' on page 6 undefined on input line 1
90.


LaTeX Warning: Citation `slacry' on page 6 undefined on input line 199.



[6]) (./chptr2.tex

[7]

[8

]
第 2 章

LaTeX Warning: Reference `lbl_cp3' on page 9 undefined on input line 19.


LaTeX Warning: Reference `lbl_cp3_realtime_huffman' on page 9 undefined on inpu
t line 20.


LaTeX Warning: Reference `lbl_cp3_real_opti_huffman' on page 9 undefined on inp
ut line 22.


LaTeX Warning: Reference `lbl_cp3_impl' on page 9 undefined on input line 23.


LaTeX Warning: Reference `lbl_cp3_jpeg_huffman' on page 9 undefined on input li
ne 24.


LaTeX Warning: Reference `lbl_cp3_hrd_cst' on page 9 undefined on input line 27
.


LaTeX Warning: Reference `lbl_cp3_hrd_matome' on page 9 undefined on input line
 29.


LaTeX Warning: Reference `lbl_cp1_ashuku_tech' on page 9 undefined on input lin
e 42.


LaTeX Warning: Reference `lbl_cp1_ashuku' on page 9 undefined on input line 42.



LaTeX Warning: Citation `hufmcm' on page 9 undefined on input line 67.


LaTeX Warning: Reference `huffman_tree' on page 9 undefined on input line 74.



[9]

LaTeX Warning: Reference `huffman_tree' on page 10 undefined on input line 83.


LaTeX Warning: Reference `huffman_tree' on page 10 undefined on input line 85.


LaTeX Warning: Citation `kundhc85' on page 10 undefined on input line 105.

File: ./pics/huffman_tree.eps Graphic file (type eps)
<./pics/huffman_tree.eps>


[10]
LaTeX Font Info:    Font shape `JT1/mc/bx/n' in size <14.4> not available
(Font)              Font shape `JT1/gt/m/n' tried instead on input line 119.
LaTeX Font Info:    Font shape `JY1/mc/bx/n' in size <14.4> not available
(Font)              Font shape `JY1/gt/m/n' tried instead on input line 119.


LaTeX Warning: Citation `jpeiso' on page 11 undefined on input line 123.


LaTeX Warning: Citation `mpeiso' on page 11 undefined on input line 123.


LaTeX Warning: Citation `seuema99' on page 11 undefined on input line 126.


LaTeX Warning: Citation `shaecs88' on page 11 undefined on input line 126.


LaTeX Warning: Citation `musdcw98' on page 11 undefined on input line 127.



[11]

LaTeX Warning: Citation `weifah93' on page 12 undefined on input line 153.


LaTeX Warning: Citation `liacbv94' on page 12 undefined on input line 154.


LaTeX Warning: Reference `lbl_cp3_seiteki_huffman' on page 12 undefined on inpu
t line 161.


LaTeX Warning: Reference `lbl_cp3_douteki_huffman' on page 12 undefined on inpu
t line 161.



[12]

LaTeX Warning: Reference `chrc_block' on page 13 undefined on input line 172.

File: ./pics/chrc_block.eps Graphic file (type eps)
<./pics/chrc_block.eps>

LaTeX Warning: Reference `block_dgrm' on page 13 undefined on input line 195.

File: ./pics/block_dgrm.eps Graphic file (type eps)
<./pics/block_dgrm.eps>


[13]

LaTeX Warning: Reference `lbl_cp3_architecture' on page 14 undefined on input l
ine 230.



[14]

LaTeX Warning: Reference `enc_pro' on page 15 undefined on input line 235.


LaTeX Warning: Citation `matiwa95' on page 15 undefined on input line 261.

File: ./pics/enc_pro.eps Graphic file (type eps)
<./pics/enc_pro.eps>

LaTeX Warning: Reference `block_dgrm' on page 15 undefined on input line 286.


LaTeX Warning: Reference `enc_flw' on page 15 undefined on input line 287.


LaTeX Warning: Reference `enc_flw' on page 15 undefined on input line 288.


LaTeX Warning: Reference `lbl_cp3_real_opti_enc' on page 15 undefined on input 
line 290.



[15]
File: ./pics/enc_flw.eps Graphic file (type eps)
<./pics/enc_flw.eps>


[16]

[17]

LaTeX Warning: Reference `asgn_mod' on page 18 undefined on input line 346.

File: ./pics/asgn_mod.eps Graphic file (type eps)
<./pics/asgn_mod.eps>


[18]

LaTeX Warning: Reference `asgn_pro' on page 19 undefined on input line 391.



[19]

LaTeX Warning: Reference `asgn_pro' on page 20 undefined on input line 406.


LaTeX Warning: Reference `asgn_mod' on page 20 undefined on input line 420.


LaTeX Warning: Reference `asgn_pro' on page 20 undefined on input line 427.

File: ./pics/asgn_pro.eps Graphic file (type eps)
<./pics/asgn_pro.eps>

LaTeX Warning: Reference `swap_mod' on page 20 undefined on input line 454.



[20]
File: ./pics/swap_mod.eps Graphic file (type eps)
<./pics/swap_mod.eps>


[21]) (./chptr3.tex

[22]
第 3 章

LaTeX Warning: Citation `kummmc01' on page 23 undefined on input line 12.


LaTeX Warning: Citation `kumkaij' on page 23 undefined on input line 12.


LaTeX Warning: Citation `kumpro' on page 23 undefined on input line 12.


LaTeX Warning: Citation `kumfle04j' on page 23 undefined on input line 12.


LaTeX Warning: Citation `kummva05' on page 23 undefined on input line 12.


LaTeX Warning: Citation `kumfmc06' on page 23 undefined on input line 12.


LaTeX Warning: Citation `kumsfi06' on page 23 undefined on input line 12.


LaTeX Warning: Reference `lbl_cp4_intro' on page 23 undefined on input line 15.



LaTeX Warning: Reference `lbl_cp4_fmcam' on page 23 undefined on input line 17.



LaTeX Warning: Reference `lbl_cp4_adpt_fmcam' on page 23 undefined on input lin
e 18.


LaTeX Warning: Reference `lbl_cp4_adpt_fmcam_arch' on page 23 undefined on inpu
t line 20.


LaTeX Warning: Reference `lbl_cp4_adpt_fmcam_impl' on page 23 undefined on inpu
t line 21.


LaTeX Warning: Reference `lbl_cp4_adpt_fmcam_huffma' on page 23 undefined on in
put line 22.


LaTeX Warning: Reference `lbl_cp4_adpt_fmcam_ophu' on page 23 undefined on inpu
t line 24.


LaTeX Warning: Reference `lbl_chptr3' on page 23 undefined on input line 24.


LaTeX Warning: Reference `lbl_cp4_matome' on page 23 undefined on input line 26
.


LaTeX Warning: Citation `cmjamp' on page 23 undefined on input line 42.


LaTeX Warning: Reference `huf_arch' on page 23 undefined on input line 43.


LaTeX Warning: Citation `jorpje' on page 23 undefined on input line 48.



[23

]

LaTeX Warning: Citation `hukban' on page 24 undefined on input line 77.


LaTeX Warning: Citation `harcol' on page 24 undefined on input line 80.


LaTeX Warning: Citation `ccocis' on page 24 undefined on input line 83.


LaTeX Warning: Citation `hardet' on page 24 undefined on input line 83.


LaTeX Warning: Citation `harimp' on page 24 undefined on input line 83.


LaTeX Warning: Citation `hayfla' on page 24 undefined on input line 83.


LaTeX Warning: Citation `hirver' on page 24 undefined on input line 83.


LaTeX Warning: Citation `kobbit' on page 24 undefined on input line 89.



[24]

LaTeX Warning: Citation `mot12m' on page 25 undefined on input line 106.


LaTeX Warning: Citation `scharc' on page 25 undefined on input line 106.


LaTeX Warning: Reference `fmcam' on page 25 undefined on input line 133.



[25]
File: ./pics/fmcam.eps Graphic file (type eps)
<./pics/fmcam.eps>


[26]

LaTeX Warning: Citation `okuren' on page 27 undefined on input line 177.


LaTeX Warning: Citation `kazdou' on page 27 undefined on input line 177.


LaTeX Warning: Citation `chiint' on page 27 undefined on input line 183.


LaTeX Warning: Citation `ikesai' on page 27 undefined on input line 183.


LaTeX Warning: Citation `jalass' on page 27 undefined on input line 183.



[27]

LaTeX Warning: Reference `fmcam_block' on page 28 undefined on input line 229.

File: ./pics/fmcam_block.eps Graphic file (type eps)
<./pics/fmcam_block.eps>

LaTeX Warning: Reference `cat_syori' on page 28 undefined on input line 249.


LaTeX Warning: Reference `fmcam_block' on page 28 undefined on input line 257.


LaTeX Warning: Reference `ring' on page 28 undefined on input line 258.



[28]

LaTeX Warning: Reference `byt_ram' on page 29 undefined on input line 260.

File: ./pics/byt_ram.eps Graphic file (type eps)
<./pics/byt_ram.eps>

LaTeX Warning: Reference `mux' on page 29 undefined on input line 285.



[29]
File: ./pics/mux.eps Graphic file (type eps)
<./pics/mux.eps>


LaTeX Warning: Reference `prt_module' on page 30 undefined on input line 306.



[30]
File: ./pics/prt_module.eps Graphic file (type eps)
<./pics/prt_module.eps>


LaTeX Warning: Reference `lbl_cp4_cam_mondai' on page 31 undefined on input lin
e 340.



[31]

LaTeX Warning: Reference `fmcam_block' on page 32 undefined on input line 348.


LaTeX Warning: Reference `lbl_cp4_cam_mondai' on page 32 undefined on input lin
e 371.


LaTeX Warning: Reference `ring_cnt' on page 32 undefined on input line 377.



[32]
File: ./pics/ring_cnt.eps Graphic file (type eps)
<./pics/ring_cnt.eps>


LaTeX Warning: Reference `kac02a' on page 33 undefined on input line 407.

File: ./pics/kac02a.eps Graphic file (type eps)
<./pics/kac02a.eps>
File: ./pics/data.eps Graphic file (type eps)
<./pics/data.eps>

LaTeX Warning: Reference `data' on page 33 undefined on input line 438.



[33]

[34]

LaTeX Warning: Reference `noc' on page 35 undefined on input line 489.

File: ./pics/noc.eps Graphic file (type eps)
<./pics/noc.eps>


[35]

[36]

LaTeX Warning: Reference `atp_comb' on page 37 undefined on input line 535.


LaTeX Warning: Citation `defcon' on page 37 undefined on input line 538.


LaTeX Warning: Citation `bredes' on page 37 undefined on input line 538.


LaTeX Warning: Citation `camalt' on page 37 undefined on input line 539.


LaTeX Warning: Citation `mu9mus' on page 37 undefined on input line 540.

File: ./pics/atp_comb.eps Graphic file (type eps)
<./pics/atp_comb.eps>

LaTeX Warning: Reference `data' on page 37 undefined on input line 555.


LaTeX Warning: Reference `atp_comb' on page 37 undefined on input line 572.



[37]

LaTeX Warning: Reference `para_gra' on page 38 undefined on input line 605.



[38]
File: ./pics/para_gra.eps Graphic file (type eps)
<./pics/para_gra.eps>


[39]

LaTeX Warning: Reference `re_fmcam' on page 40 undefined on input line 640.


LaTeX Warning: Reference `fmcam' on page 40 undefined on input line 642.


LaTeX Warning: Reference `re_fmcam_block' on page 40 undefined on input line 64
4.


LaTeX Warning: Reference `fmcam_block' on page 40 undefined on input line 645.


LaTeX Warning: Reference `memory_space' on page 40 undefined on input line 648.



LaTeX Warning: Reference `lbl_cp4_fmcam' on page 40 undefined on input line 655
.

File: ./pics/re_fmcam.eps Graphic file (type eps)
<./pics/re_fmcam.eps>
File: ./pics/re_fmcam_block.eps Graphic file (type eps)
<./pics/re_fmcam_block.eps>
File: ./pics/memory_space.eps Graphic file (type eps)
<./pics/memory_space.eps>

Overfull \hbox (16.97736pt too wide) in paragraph at lines 698--698
[]\JY1/gt/m/n/14.4 マルチプル／シングルサ ーチモ ード \OT1/cmr/bx/n/14.4 (Mul-t
i-ple/Single Search
 []


LaTeX Warning: Reference `lbl_cp4_fmcam_hyouka' on page 40 undefined on input l
ine 702.



[40

]

[41]

LaTeX Warning: Reference `slct_md_wv' on page 42 undefined on input line 714.


LaTeX Warning: Reference `slct_md_wv' on page 42 undefined on input line 715.


LaTeX Warning: Reference `slct_md_wv' on page 42 undefined on input line 719.


LaTeX Warning: Reference `cat_syori' on page 42 undefined on input line 730.


LaTeX Warning: Reference `addr_stg_wv' on page 42 undefined on input line 738.


LaTeX Warning: Reference `addr_stg_wv' on page 42 undefined on input line 743.


LaTeX Warning: Reference `addr_stg_wv' on page 42 undefined on input line 744.



[42]
Overfull \hbox (6.37762pt too wide) in paragraph at lines 749--749
[]\JY1/gt/m/n/14.4 カテゴリ結合モ ード \OT1/cmr/bx/n/14.4 (Scal-a-bil-ity of Ca
t-e-go-riza-tion Struc-
 []

File: ./pics/slct_md_wv.eps Graphic file (type eps)
<./pics/slct_md_wv.eps>
File: ./pics/addr_stg_wv.eps Graphic file (type eps)
<./pics/addr_stg_wv.eps>


[43]

[44]

[45]

LaTeX Warning: Reference `re_fmcam_block' on page 46 undefined on input line 80
4.


LaTeX Warning: Reference `port_module' on page 46 undefined on input line 807.

File: ./pics/port_module.eps Graphic file (type eps)
<./pics/port_module.eps>


[46

]

[47]

LaTeX Warning: Citation `schful' on page 48 undefined on input line 872.


LaTeX Warning: Reference `ring' on page 48 undefined on input line 885.


LaTeX Warning: Reference `atp_comb' on page 48 undefined on input line 894.


LaTeX Warning: Reference `para_gra' on page 48 undefined on input line 894.


LaTeX Warning: Reference `fpga_impl' on page 48 undefined on input line 903.


LaTeX Warning: Reference `re_fmcam_asic' on page 48 undefined on input line 906
.



[48]
File: ./pics/fpga_impl.eps Graphic file (type eps)
<./pics/fpga_impl.eps>
File: ./pics/re_fmcam_asic.eps Graphic file (type eps)
<./pics/re_fmcam_asic.eps>


LaTeX Warning: Reference `impl_rslt_fpga' on page 49 undefined on input line 94
5.


LaTeX Warning: Reference `impl_rslt_asic' on page 49 undefined on input line 94
7.



[49]

[50]
File: ./pics/impl_rslt_fpga.eps Graphic file (type eps)
<./pics/impl_rslt_fpga.eps>
File: ./pics/impl_rslt_asic.eps Graphic file (type eps)
<./pics/impl_rslt_asic.eps>


LaTeX Warning: Reference `impl_rslt_fpga' on page 51 undefined on input line 99
0.


LaTeX Warning: Reference `impl_rslt_asic' on page 51 undefined on input line 99
1.


LaTeX Warning: Citation `sioomp04j' on page 51 undefined on input line 997.



[51]

[52]

[53]

LaTeX Warning: Reference `lbl_cp1_kousoku' on page 54 undefined on input line 1
012.


LaTeX Warning: Reference `lbl_cp4_intro' on page 54 undefined on input line 101
2.


LaTeX Warning: Citation `emphjm01' on page 54 undefined on input line 1021.


LaTeX Warning: Reference `cod_proc' on page 54 undefined on input line 1024.

File: ./pics/cod_proc.eps Graphic file (type eps)
<./pics/cod_proc.eps>

LaTeX Warning: Reference `lbl_cp4_adpt_fmcam_cncpt' on page 54 undefined on inp
ut line 1052.


LaTeX Warning: Reference `test_pics' on page 54 undefined on input line 1053.



[54

]
File: ./pics/test_pics.eps Graphic file (type eps)
<./pics/test_pics.eps>


LaTeX Warning: Reference `clk_cycl' on page 55 undefined on input line 1072.


LaTeX Warning: Citation `symdrp98' on page 55 undefined on input line 1077.


LaTeX Warning: Citation `tmtmdv00' on page 55 undefined on input line 1077.


LaTeX Warning: Citation `yyhskd00' on page 55 undefined on input line 1077.



[55]
File: ./pics/clk_cycl.eps Graphic file (type eps)
<./pics/clk_cycl.eps>


LaTeX Warning: Reference `lbl_cp4_adpt_fmcam_mulsin' on page 56 undefined on in
put line 1098.


LaTeX Warning: Reference `lbl_cp4_adpt_fmcam_cnt' on page 56 undefined on input
 line 1098.


LaTeX Warning: Reference `av_clk' on page 56 undefined on input line 1104.

File: ./pics/av_clk.eps Graphic file (type eps)
<./pics/av_clk.eps>

LaTeX Warning: Reference `mops' on page 56 undefined on input line 1126.



[56]

LaTeX Warning: Reference `mops' on page 57 undefined on input line 1138.


LaTeX Warning: Reference `lbl_cp4_adpt_fmcam_impl' on page 57 undefined on inpu
t line 1150.



[57]
File: ./pics/mops.eps Graphic file (type eps)
<./pics/mops.eps>


LaTeX Warning: Reference `lbl_cp4_adpt_fmcam_impl' on page 58 undefined on inpu
t line 1181.


LaTeX Warning: Reference `lbl_cp4_adpt_fmcam_huffma' on page 58 undefined on in
put line 1181.


LaTeX Warning: Reference `lbl_chptr3' on page 58 undefined on input line 1184.


LaTeX Warning: Reference `lbl_cp4_adpt_fmcam_cncpt' on page 58 undefined on inp
ut line 1191.


LaTeX Warning: Reference `lbl_cp3_real_opti_enc' on page 58 undefined on input 
line 1192.


LaTeX Warning: Reference `mchrc_block' on page 58 undefined on input line 1194.



LaTeX Warning: Reference `lbl_chptr3' on page 58 undefined on input line 1196.


LaTeX Warning: Reference `assign_mod' on page 58 undefined on input line 1198.


LaTeX Warning: Reference `lbl_cp4_adpt_fmcam_ophu_hyoka' on page 58 undefined o
n input line 1203.



[58]
File: ./pics/mchrc_block.eps Graphic file (type eps)
<./pics/mchrc_block.eps>
File: ./pics/assign_mod.eps Graphic file (type eps)
<./pics/assign_mod.eps>


LaTeX Warning: Reference `lbl_cp4_adpt_fmcam_huffma' on page 59 undefined on in
put line 1234.


LaTeX Warning: Reference `mhpics' on page 59 undefined on input line 1237.


LaTeX Warning: Reference `lbl_cp4_adpt_fmcam_cncpt' on page 59 undefined on inp
ut line 1240.

File: ./pics/mhpics.eps Graphic file (type eps)
<./pics/mhpics.eps>

LaTeX Warning: Reference `cc_dat' on page 59 undefined on input line 1259.


LaTeX Warning: Reference `cc_dat' on page 59 undefined on input line 1262.



[59]
File: ./pics/cc_dat.eps Graphic file (type eps)
<./pics/cc_dat.eps>


LaTeX Warning: Reference `cc_dat' on page 60 undefined on input line 1281.



[60]) (./chptr4.tex

[61]

[62

]
第 4 章

Overfull \hbox (5.11314pt too wide) in paragraph at lines 4--4
[]  
 []


LaTeX Warning: Reference `lbl_chptr3' on page 63 undefined on input line 10.


LaTeX Warning: Reference `lbl_chptr4' on page 63 undefined on input line 10.


LaTeX Warning: Reference `lbl_cp5_intro' on page 63 undefined on input line 21.



LaTeX Warning: Reference `lbl_cp5_mta' on page 63 undefined on input line 23.


LaTeX Warning: Reference `lbl_cp5_mtb' on page 63 undefined on input line 25.


LaTeX Warning: Reference `lbl_cp5_jpg' on page 63 undefined on input line 27.


LaTeX Warning: Reference `lbl_cp5_matome' on page 63 undefined on input line 28
.


LaTeX Warning: Reference `mta_add' on page 63 undefined on input line 38.


LaTeX Warning: Reference `mta_sub1' on page 63 undefined on input line 38.


LaTeX Warning: Reference `mta_sub2' on page 63 undefined on input line 38.


LaTeX Warning: Reference `mta_mul1' on page 63 undefined on input line 38.


LaTeX Warning: Reference `mta_mul2' on page 63 undefined on input line 38.


LaTeX Warning: Reference `mta_div1' on page 63 undefined on input line 39.


LaTeX Warning: Reference `mta_div2' on page 63 undefined on input line 39.


LaTeX Warning: Reference `mta_div3' on page 63 undefined on input line 39.

File: ./pics/mta_add.eps Graphic file (type eps)
<./pics/mta_add.eps>
File: ./pics/mta_sub1.eps Graphic file (type eps)
<./pics/mta_sub1.eps>
File: ./pics/mta_sub2.eps Graphic file (type eps)
<./pics/mta_sub2.eps>
File: ./pics/mta_mul1.eps Graphic file (type eps)
<./pics/mta_mul1.eps>
File: ./pics/mta_mul2.eps Graphic file (type eps)
<./pics/mta_mul2.eps>
File: ./pics/mta_div1.eps Graphic file (type eps)
<./pics/mta_div1.eps>
File: ./pics/mta_div2.eps Graphic file (type eps)
<./pics/mta_div2.eps>
File: ./pics/mta_div3.eps Graphic file (type eps)
<./pics/mta_div3.eps>


[63]

[64]

[65]

[66]

[67]

[68]

[69]

[70]

[71]

LaTeX Warning: Citation `mppnnd06' on page 72 undefined on input line 134.


LaTeX Warning: Reference `mta_impl' on page 72 undefined on input line 135.


LaTeX Warning: Reference `mta_pics' on page 72 undefined on input line 135.

File: ./pics/mta_impl.eps Graphic file (type eps)
<./pics/mta_impl.eps>
File: ./pics/mta_pics.eps Graphic file (type eps)
<./pics/mta_pics.eps>

LaTeX Warning: Reference `lbl_chptr3' on page 72 undefined on input line 172.


LaTeX Warning: Reference `lbl_chptr4' on page 72 undefined on input line 172.


LaTeX Warning: Reference `lbl_cp5_mta' on page 72 undefined on input line 174.



[72

]

LaTeX Warning: Reference `op_mthd' on page 73 undefined on input line 186.


LaTeX Warning: Reference `op_mthd' on page 73 undefined on input line 187.


LaTeX Warning: Reference `op_mthd' on page 73 undefined on input line 188.


LaTeX Warning: Reference `mta_intf' on page 73 undefined on input line 194.



[73]

LaTeX Warning: Reference `hv_sram' on page 74 undefined on input line 223.


LaTeX Warning: Reference `hv_cam' on page 74 undefined on input line 240.

File: ./pics/hv_cam.eps Graphic file (type eps)
<./pics/hv_cam.eps>

LaTeX Warning: Reference `mtb_an' on page 74 undefined on input line 257.


LaTeX Warning: Reference `mtb_an_hyoka' on page 74 undefined on input line 261.




[74]
File: ./pics/mtb_an.eps Graphic file (type eps)
<./pics/mtb_an.eps>
File: ./pics/mtb_an_hyoka.eps Graphic file (type eps)
<./pics/mtb_an_hyoka.eps>


[75]

[76]

LaTeX Warning: Reference `lbl_cp5_mtb_idea' on page 77 undefined on input line 
297.


LaTeX Warning: Reference `mtb_blk' on page 77 undefined on input line 309.

File: ./pics/mtb_blk.eps Graphic file (type eps)
<./pics/mtb_blk.eps>

LaTeX Warning: Reference `lbl_cp5_mta_simd_mod' on page 77 undefined on input l
ine 324.



[77

]

LaTeX Warning: Reference `mtb_cnt' on page 78 undefined on input line 360.

File: ./pics/mtb_cnt.eps Graphic file (type eps)
<./pics/mtb_cnt.eps>


[78]

LaTeX Warning: Reference `lbl_cp5_cmd_set' on page 79 undefined on input line 3
93.



[79]

LaTeX Warning: Reference `mtb_spc' on page 80 undefined on input line 437.

File: ./pics/mtb_spc.eps Graphic file (type eps)
<./pics/mtb_spc.eps>

LaTeX Warning: Reference `lbl_cp5_mta_simd_mod' on page 80 undefined on input l
ine 474.


LaTeX Warning: Reference `inst_fld' on page 80 undefined on input line 484.



[80]
File: ./pics/inst_fld.eps Graphic file (type eps)
<./pics/inst_fld.eps>


[81]

LaTeX Warning: Reference `lbl_cp5_mta_proc_io' on page 82 undefined on input li
ne 536.


LaTeX Warning: Reference `lbl_cp5_mtb_arch' on page 82 undefined on input line 
546.



[82]

LaTeX Warning: Reference `wrt_flw' on page 83 undefined on input line 567.


LaTeX Warning: Reference `wrt_flw' on page 83 undefined on input line 578.

File: ./pics/wrt_flw.eps Graphic file (type eps)
<./pics/wrt_flw.eps>


[83]

LaTeX Warning: Reference `mtb_huff' on page 84 undefined on input line 612.

File: ./pics/mtb_huff.eps Graphic file (type eps)
<./pics/mtb_huff.eps>


[84]

LaTeX Warning: Reference `mtb_aes' on page 85 undefined on input line 658.



[85]
File: ./pics/mtb_aes.eps Graphic file (type eps)
<./pics/mtb_aes.eps>


LaTeX Warning: Reference `mtb_impl_sft' on page 86 undefined on input line 690.




[86]

LaTeX Warning: Reference `mtb_impl_hrd' on page 87 undefined on input line 701.



LaTeX Warning: Reference `hv_cell' on page 87 undefined on input line 702.


LaTeX Warning: Reference `hv_ary' on page 87 undefined on input line 702.

File: ./pics/mtb_impl_sft.eps Graphic file (type eps)
<./pics/mtb_impl_sft.eps>
File: ./pics/mtb_impl_hrd.eps Graphic file (type eps)
<./pics/mtb_impl_hrd.eps>
File: ./pics/hv_cell.eps Graphic file (type eps)
<./pics/hv_cell.eps>
File: ./pics/hv_ary.eps Graphic file (type eps)
<./pics/hv_ary.eps>


[87]

[88]

[89]

LaTeX Warning: Reference `jpg_srs' on page 90 undefined on input line 775.


LaTeX Warning: Citation `ohkjmz03' on page 90 undefined on input line 781.


LaTeX Warning: Reference `baseline' on page 90 undefined on input line 786.

File: ./pics/jpg_srs.eps Graphic file (type eps)
<./pics/jpg_srs.eps>
File: ./pics/baseline.eps Graphic file (type eps)
<./pics/baseline.eps>


[90

]

LaTeX Warning: Reference `pic_fre' on page 91 undefined on input line 824.

File: ./pics/pic_fre.eps Graphic file (type eps)
<./pics/pic_fre.eps>

LaTeX Warning: Reference `dct_pat' on page 91 undefined on input line 848.

File: ./pics/dct_pat.eps Graphic file (type eps)
<./pics/dct_pat.eps>


[91]

LaTeX Warning: Citation `fcacsf77' on page 92 undefined on input line 909.


LaTeX Warning: Citation `iicyst01j' on page 92 undefined on input line 909.


LaTeX Warning: Reference `dct_flw' on page 92 undefined on input line 911.


LaTeX Warning: Reference `lbl_cp5_mta_simd_mod' on page 92 undefined on input l
ine 913.


LaTeX Warning: Reference `dct_flw' on page 92 undefined on input line 914.


LaTeX Warning: Reference `str_img' on page 92 undefined on input line 917.



[92]
File: ./pics/dct_flw.eps Graphic file (type eps)
<./pics/dct_flw.eps>
File: ./pics/str_img.eps Graphic file (type eps)
<./pics/str_img.eps>


LaTeX Warning: Reference `str_img' on page 93 undefined on input line 947.


LaTeX Warning: Reference `dsp_simd' on page 93 undefined on input line 950.


LaTeX Warning: Reference `dsp_simd' on page 93 undefined on input line 959.



[93]

LaTeX Warning: Reference `str_img' on page 94 undefined on input line 972.


LaTeX Warning: Reference `dct_flw' on page 94 undefined on input line 974.


LaTeX Warning: Reference `mtx_flw' on page 94 undefined on input line 975.



[94]
File: ./pics/mtx_flw.eps Graphic file (type eps)
<./pics/mtx_flw.eps>


LaTeX Warning: Reference `str_img' on page 95 undefined on input line 1007.


LaTeX Warning: Reference `mtx_sflw' on page 95 undefined on input line 1010.



[95]
File: ./pics/mtx_sflw.eps Graphic file (type eps)
<./pics/mtx_sflw.eps>


LaTeX Warning: Reference `dct_clk' on page 96 undefined on input line 1045.


LaTeX Warning: Reference `dct_mops' on page 96 undefined on input line 1054.



[96]

[97]
File: ./pics/dct_clk.eps Graphic file (type eps)
<./pics/dct_clk.eps>
File: ./pics/dct_mops.eps Graphic file (type eps)
<./pics/dct_mops.eps>


[98]

[99]

LaTeX Warning: Reference `baseline' on page 100 undefined on input line 1092.


LaTeX Warning: Reference `lbl_cp3_realtime_huffman' on page 100 undefined on in
put line 1093.


LaTeX Warning: Reference `lbl_cp5_mta_proc_huff' on page 100 undefined on input
 line 1098.


LaTeX Warning: Reference `huf_flw' on page 100 undefined on input line 1105.


LaTeX Warning: Reference `baseline' on page 100 undefined on input line 1115.


LaTeX Warning: Reference `lbl_cp5_mta_proc_huff' on page 100 undefined on input
 line 1119.

File: ./pics/huf_flw.eps Graphic file (type eps)
<./pics/huf_flw.eps>

LaTeX Warning: Reference `lbl_cp5_impl' on page 100 undefined on input line 113
9.



[100

]

LaTeX Warning: Reference `smp_pics0' on page 101 undefined on input line 1154.


LaTeX Warning: Reference `smp_pics1' on page 101 undefined on input line 1154.


LaTeX Warning: Reference `smp_pics2' on page 101 undefined on input line 1154.


LaTeX Warning: Reference `smp_pics3' on page 101 undefined on input line 1154.


LaTeX Warning: Reference `smp_pics4' on page 101 undefined on input line 1154.


LaTeX Warning: Reference `ck_proc' on page 101 undefined on input line 1157.



[101]

LaTeX Warning: Reference `lbl_cp5_jpg_hyoka' on page 102 undefined on input lin
e 1182.

File: ./pics/smp_pics0.eps Graphic file (type eps)
<./pics/smp_pics0.eps>
File: ./pics/smp_pics1.eps Graphic file (type eps)
<./pics/smp_pics1.eps>
File: ./pics/smp_pics2.eps Graphic file (type eps)
<./pics/smp_pics2.eps>
File: ./pics/smp_pics3.eps Graphic file (type eps)
<./pics/smp_pics3.eps>
File: ./pics/smp_pics4.eps Graphic file (type eps)
<./pics/smp_pics4.eps>


[102]

[103]

[104]

[105]

[106]
File: ./pics/ck_proc.eps Graphic file (type eps)
<./pics/ck_proc.eps>


LaTeX Warning: Reference `lbl_cp5_jpg_huf_flw' on page 107 undefined on input l
ine 1297.


LaTeX Warning: Reference `jpg_tbl' on page 107 undefined on input line 1301.


LaTeX Warning: Reference `jpg_clk' on page 107 undefined on input line 1316.


LaTeX Warning: Reference `jpg_tbl' on page 107 undefined on input line 1326.



[107

]

LaTeX Warning: Reference `jpg_ppa' on page 108 undefined on input line 1349.



[108]
File: ./pics/jpg_tbl.eps Graphic file (type eps)
<./pics/jpg_tbl.eps>
File: ./pics/jpg_clk.eps Graphic file (type eps)
<./pics/jpg_clk.eps>
File: ./pics/jpg_ppa.eps Graphic file (type eps)
<./pics/jpg_ppa.eps>


[109]

[110]) (./chptr5.tex

[111

]

[112

]
第 5 章

LaTeX Warning: Reference `lbl_chptr5_seika' on page 113 undefined on input line
 18.


LaTeX Warning: Reference `lbl_chptr5_ftr' on page 113 undefined on input line 1
9.


LaTeX Warning: Reference `lbl_chptr3' on page 113 undefined on input line 30.



[113]
Overfull \hbox (8.12405pt too wide) in paragraph at lines 52--58
[][]$[]$[] 
 []


LaTeX Warning: Reference `lbl_chptr4' on page 114 undefined on input line 78.



[114]

[115]

LaTeX Warning: Reference `lbl_chptr3' on page 116 undefined on input line 165.


Overfull \hbox (5.83159pt too wide) in paragraph at lines 163--171
[][]$[]$[] 
 []



[116]

LaTeX Warning: Reference `lbl_chptr5' on page 117 undefined on input line 183.


LaTeX Warning: Reference `lbl_chptr3' on page 117 undefined on input line 186.


LaTeX Warning: Reference `lbl_chptr4' on page 117 undefined on input line 186.


Overfull \hbox (7.86891pt too wide) in paragraph at lines 218--228
[][]$[]$[] 
 []



[117]
Overfull \hbox (7.55678pt too wide) in paragraph at lines 229--240
[][]$[]$[] 
 []



[118]

[119]

LaTeX Warning: Citation `dicius06' on page 120 undefined on input line 327.


LaTeX Warning: Reference `lbl_chptr5' on page 120 undefined on input line 329.


LaTeX Warning: Reference `neo_mtx' on page 120 undefined on input line 332.

File: ./pics/neo_mtx.eps Graphic file (type eps)
<./pics/neo_mtx.eps>
) (./main_YOURNAME_paper20XX.bbl

[120]

[121]

[122

]
Overfull \hbox (31.48505pt too wide) in paragraph at lines 31--32
[]\OT1/cmr/m/n/12 http://japan.renesas.com/fmwk.jsp?cnt=sh7785[]root.jsp&fp=/pr
oducts/mpumcu/ 
 []



[123]

[124]

[125]
Underfull \hbox (badness 7777) in paragraph at lines 186--189
[]\JY1/mc/m/n/12 池田　誠\OT1/cmr/m/n/12 , \JY1/mc/m/n/12 浅田邦博\OT1/cmr/m/n/
12 , ``\JY1/mc/m/n/12 最近傍デ ータ探索機能を有する \OT1/cmr/m/n/12 CAM \JY1/mc
/m/n/12 マク
 []


Underfull \hbox (badness 3471) in paragraph at lines 186--189
\JY1/mc/m/n/12 ロ\OT1/cmr/m/n/12 ,'' 1999 \JY1/mc/m/n/12 年第 \OT1/cmr/m/n/12 1
 \JY1/mc/m/n/12 回 \OT1/cmr/m/n/12 LSI IP \JY1/mc/m/n/12 デザイン ・ アワ ード 
開発奨励賞\OT1/cmr/m/n/12 , 1999.
 []



[126])

[127]

[128

]

[129]

[130]
LaTeX Font Info:    Font shape `JT1/mc/bx/n' in size <10.95> not available
(Font)              Font shape `JT1/gt/m/n' tried instead on input line 281.
LaTeX Font Info:    Font shape `JY1/mc/bx/n' in size <10.95> not available
(Font)              Font shape `JY1/gt/m/n' tried instead on input line 281.

Overfull \hbox (3.56764pt too wide) in paragraph at lines 289--294
\OT1/cmr/m/n/10.95 content-addressable mem-ory," Sys-tems and com-put-ers in Ja
pan, Vol-ume 37, No. 11,
 []


Overfull \hbox (2.68561pt too wide) in paragraph at lines 294--300
[][]$[]$[]\OT1/cmr/m/n/10.95 , Ya-suto Kuroda, Masakatsu Ishizaki, Tet-sushi Ko
ide, Hans J^^?urgen
 []


Overfull \hbox (8.95146pt too wide) in paragraph at lines 314--320
[][]$[]$[]\OT1/cmr/m/n/10.95 , Ya-suto Kuroda, Tet-sushi Koide, Hans J^^?urgen 
Mat-tausch, Hideyuki
 []


Overfull \hbox (8.95146pt too wide) in paragraph at lines 320--326
[][]$[]$[]\OT1/cmr/m/n/10.95 , Ya-suto Kuroda, Tet-sushi Koide, Hans J^^?urgen 
Mat-tausch, Hideyuki
 []



[131

]

[132] (./main_YOURNAME_paper20XX.aux)
 ***********
pLaTeX2e <2023-02-14>+1, based on
LaTeX2e <2025-06-01> patch level 1
L3 programming layer <2025-09-02>
 ***********


LaTeX Warning: There were undefined references.


LaTeX Warning: Label(s) may have changed. Rerun to get cross-references right.

 ) 
Here is how much of TeX's memory you used:
 2756 strings out of 468392
 46311 string characters out of 5442309
 442538 words of memory out of 5000000
 31339 multiletter control sequences out of 15000+600000
 650255 words of font info for 130 fonts, out of 8000000 for 9000
 929 hyphenation exceptions out of 8191
 57i,12n,65p,271b,491s stack positions out of 10000i,1000n,20000p,200000b,200000s

Output written on main_YOURNAME_paper20XX.dvi (142 pages, 404112 bytes).
