This is e-upTeX, Version 3.141592653-p4.1.2-u2.00-250202-2.6 (utf8.uptex) (TeX Live 2025) (preloaded format=uplatex 2025.10.12)  17 DEC 2025 18:36
entering extended mode
 restricted \write18 enabled.
 file:line:error style messages enabled.
 %&-line parsing enabled.
**/Users/show/dev/thesis_kit/work/main_YOURNAME_paper20XX.tex
(/Users/show/dev/thesis_kit/work/main_YOURNAME_paper20XX.tex
pLaTeX2e <2023-02-14u04>+1, based on
LaTeX2e <2025-06-01> patch level 1
L3 programming layer <2025-09-02>
(./tex_files/jreport2.cls

LaTeX Warning: You have requested document class `./tex_files/jreport2',
               but the document class provides `jreport'.

Document Class: jreport 2001/10/04 v1.3 Standard pLaTeX class
\c@@paper=\count274
(/usr/local/texlive/2025/texmf-dist/tex/platex/base/jsize12.clo
File: jsize12.clo 2020/09/30 v1.8f Standard pLaTeX file (size option)
LaTeX Font Info:    Font shape `JT2/mc/m/n' will be
(Font)              scaled to size 11.54663pt on input line 27.
LaTeX Font Info:    Font shape `JY2/mc/m/n' will be
(Font)              scaled to size 11.54663pt on input line 27.
)
\c@part=\count275
\c@chapter=\count276
\c@section=\count277
\c@subsection=\count278
\c@subsubsection=\count279
\c@paragraph=\count280
\c@subparagraph=\count281
\c@figure=\count282
\c@table=\count283
\abovecaptionskip=\skip49
\belowcaptionskip=\skip50

./tex_files/jreport2.cls:671: LaTeX Error: Encoding scheme `JY1' unknown.

See the LaTeX manual or LaTeX Companion for explanation.
Type  H <return>  for immediate help.
 ...                                              
                                                  
l.671   \DeclareSymbolFont{mincho}{JY1}{mc}{m}{n}
                                                 
Your command was ignored.
Type  I <command> <return>  to replace it with another command,
or  <return>  to continue without it.

 
Here is how much of TeX's memory you used:
 249 strings out of 468392
 3243 string characters out of 5442310
 426538 words of memory out of 5000000
 29037 multiletter control sequences out of 15000+600000
 630660 words of font info for 59 fonts, out of 8000000 for 9000
 929 hyphenation exceptions out of 8191
 35i,0n,38p,206b,44s stack positions out of 10000i,1000n,20000p,200000b,200000s
No pages of output.
