This is e-upTeX, Version 3.141592653-p4.1.2-u2.00-250202-2.6 (utf8.euc) (TeX Live 2025) (preloaded format=platex 2025.10.12)  19 JAN 2026 03:15
entering extended mode
 restricted \write18 enabled.
 file:line:error style messages enabled.
 %&-line parsing enabled.
**/Users/show/dev/latex_for_mac/main_YOURNAME_paper20XX.tex
(/Users/show/dev/latex_for_mac/main_YOURNAME_paper20XX.tex
pLaTeX2e <2023-02-14>+1, based on
LaTeX2e <2025-06-01> patch level 1
L3 programming layer <2025-09-02>
(./tex_files/jreport2.cls

LaTeX Warning: You have requested document class `./tex_files/jreport2',
               but the document class provides `jreport'.

Document Class: jreport 2001/10/04 v1.3 Standard pLaTeX class
\c@@paper=\count274
(/usr/local/texlive/2025/texmf-dist/tex/platex/base/jsize12.clo
File: jsize12.clo 2020/09/30 v1.8f Standard pLaTeX file (size option)
)
\c@part=\count275
\c@chapter=\count276
\c@section=\count277
\c@subsection=\count278
\c@subsubsection=\count279
\c@paragraph=\count280
\c@subparagraph=\count281
\c@figure=\count282
\c@table=\count283
\abovecaptionskip=\skip49
\belowcaptionskip=\skip50
\symmincho=\mathgroup4
LaTeX Font Info:    Overwriting symbol font `mincho' in version `bold'
(Font)                  JY1/mc/m/n --> JY1/gt/m/n on input line 673.
\toclineskip=\dimen164
\@lnumwidth=\dimen165
\bibindent=\dimen166
\heisei=\count284
) (/usr/local/texlive/2025/texmf-dist/tex/latex/graphics/graphicx.sty
Package: graphicx 2024/12/31 v1.2e Enhanced LaTeX Graphics (DPC,SPQR)
 (/usr/local/texlive/2025/texmf-dist/tex/latex/graphics/keyval.sty
Package: keyval 2022/05/29 v1.15 key=value parser (DPC)
\KV@toks@=\toks18
) (/usr/local/texlive/2025/texmf-dist/tex/latex/graphics/graphics.sty
Package: graphics 2024/08/06 v1.4g Standard LaTeX Graphics (DPC,SPQR)
 (/usr/local/texlive/2025/texmf-dist/tex/latex/graphics/trig.sty
Package: trig 2023/12/02 v1.11 sin cos tan (DPC)
) (/usr/local/texlive/2025/texmf-dist/tex/latex/graphics-cfg/graphics.cfg
File: graphics.cfg 2016/06/04 v1.11 sample graphics configuration
)
Package graphics Info: Driver file: dvipdfmx.def on input line 106.
 (/usr/local/texlive/2025/texmf-dist/tex/latex/graphics-def/dvipdfmx.def
File: dvipdfmx.def 2025/09/29 v5.0n Graphics/color driver for dvipdfmx
))
\Gin@req@height=\dimen167
\Gin@req@width=\dimen168
) (./tex_files/hangcaption.sty
\captionwidth=\skip51
) (/usr/local/texlive/2025/texmf-dist/tex/latex/amsfonts/amssymb.sty
Package: amssymb 2013/01/14 v3.01 AMS font symbols
 (/usr/local/texlive/2025/texmf-dist/tex/latex/amsfonts/amsfonts.sty
Package: amsfonts 2013/01/14 v3.01 Basic AMSFonts support
\@emptytoks=\toks19
\symAMSa=\mathgroup5
\symAMSb=\mathgroup6
LaTeX Font Info:    Redeclaring math symbol \hbar on input line 98.
LaTeX Font Info:    Overwriting math alphabet `\mathfrak' in version `bold'
(Font)                  U/euf/m/n --> U/euf/b/n on input line 106.
)) (./tex_files/fancyheadings.sty
\fancy@headwidth=\skip52
\f@ncyO@elh=\skip53
\f@ncyO@erh=\skip54
\f@ncyO@olh=\skip55
\f@ncyO@orh=\skip56
\f@ncyO@elf=\skip57
\f@ncyO@erf=\skip58
\f@ncyO@olf=\skip59
\f@ncyO@orf=\skip60
) (/usr/local/texlive/2025/texmf-dist/tex/latex/psnfss/pifont.sty
Package: pifont 2020/03/25 PSNFSS-v9.3 Pi font support (SPQR) 
 (I search kanjifont definition file: . . ) (I search font definition file: . . . . . . . )
LaTeX Font Info:    Trying to load font information for U+pzd on input line 63.
 (/usr/local/texlive/2025/texmf-dist/tex/latex/psnfss/upzd.fd
File: upzd.fd 2001/06/04 font definitions for U/pzd.
) (I search kanjifont definition file: . . ) (I search font definition file: . . . . . . . )
LaTeX Font Info:    Trying to load font information for U+psy on input line 64.
 (/usr/local/texlive/2025/texmf-dist/tex/latex/psnfss/upsy.fd
File: upsy.fd 2001/06/04 font definitions for U/psy.
)) (./tex_files/cite.sty

LaTeX Warning: You have requested package `./tex_files/cite',
               but the package provides `cite'.

Package: cite 1999/04/23  v 3.8
) (./tex_files/here.sty) (/usr/local/texlive/2025/texmf-dist/tex/latex/l3backend/l3backend-dvips.def
File: l3backend-dvips.def 2025-06-09 L3 backend support: dvips
\l__pdfannot_backend_content_box=\box70
\l__pdfannot_backend_model_box=\box71
\g__pdfannot_backend_int=\count285
\g__pdfannot_backend_link_int=\count286
\g__pdfannot_backend_link_sf_int=\count287
)

LaTeX Warning: Unused global option(s):
    [eclepsfｘ].

(out/main_SONOBE_paper2025.aux)
\openout1 = `main_SONOBE_paper2025.aux'.

LaTeX Font Info:    Checking defaults for OML/cmm/m/it on input line 21.
LaTeX Font Info:    ... okay on input line 21.
LaTeX Font Info:    Checking defaults for OMS/cmsy/m/n on input line 21.
LaTeX Font Info:    ... okay on input line 21.
LaTeX Font Info:    Checking defaults for OT1/cmr/m/n on input line 21.
LaTeX Font Info:    ... okay on input line 21.
LaTeX Font Info:    Checking defaults for T1/cmr/m/n on input line 21.
LaTeX Font Info:    ... okay on input line 21.
LaTeX Font Info:    Checking defaults for TS1/cmr/m/n on input line 21.
LaTeX Font Info:    ... okay on input line 21.
LaTeX Font Info:    Checking defaults for OMX/cmex/m/n on input line 21.
LaTeX Font Info:    ... okay on input line 21.
LaTeX Font Info:    Checking defaults for U/cmr/m/n on input line 21.
LaTeX Font Info:    ... okay on input line 21.
LaTeX Font Info:    Checking defaults for JY1/mc/m/n on input line 21.
LaTeX Font Info:    ... okay on input line 21.
LaTeX Font Info:    Checking defaults for JT1/mc/m/n on input line 21.
LaTeX Font Info:    ... okay on input line 21.


[1


]
LaTeX Font Info:    Font shape `JT1/mc/bx/n' in size <12> not available
(Font)              Font shape `JT1/gt/m/n' tried instead on input line 71.
LaTeX Font Info:    Font shape `JY1/mc/bx/n' in size <12> not available
(Font)              Font shape `JY1/gt/m/n' tried instead on input line 71.


[1]
LaTeX Font Info:    Font shape `JT1/mc/bx/n' in size <24.88> not available
(Font)              Font shape `JT1/gt/m/n' tried instead on input line 164.
LaTeX Font Info:    Font shape `JY1/mc/bx/n' in size <24.88> not available
(Font)              Font shape `JY1/gt/m/n' tried instead on input line 164.
 (out/main_SONOBE_paper2025.toc
LaTeX Font Info:    Trying to load font information for U+msa on input line 3.
 (/usr/local/texlive/2025/texmf-dist/tex/latex/amsfonts/umsa.fd
File: umsa.fd 2013/01/14 v3.01 AMS symbols A
)
LaTeX Font Info:    Trying to load font information for U+msb on input line 3.
 (/usr/local/texlive/2025/texmf-dist/tex/latex/amsfonts/umsb.fd
File: umsb.fd 2013/01/14 v3.01 AMS symbols B
)

[3

])
\tf@toc=\write3
\openout3 = `main_SONOBE_paper2025.toc'.



LaTeX Font Info:    Kanji font shape `JY1/mc/m/sl' undefined
(Font)              No change on input line 166.
LaTeX Font Info:    Kanji font shape `JY1/mc/m/sl' undefined
(Font)              No change on input line 166.

Package Fancyhdr Warning: \headheight is too small (12.0pt): 
 Make it at least 16.49998pt.
 We now make it that large for the rest of the document.
 This may cause the page layout to be inconsistent, however.

[4] (out/main_SONOBE_paper2025.lof)
\tf@lof=\write4
\openout4 = `main_SONOBE_paper2025.lof'.



[5

]

[6

] (out/main_SONOBE_paper2025.lot)
\tf@lot=\write5
\openout5 = `main_SONOBE_paper2025.lot'.



[7] (./chptr1.tex
第 1 章
LaTeX Font Info:    Font shape `JT1/mc/bx/n' in size <17.28> not available
(Font)              Font shape `JT1/gt/m/n' tried instead on input line 12.
LaTeX Font Info:    Font shape `JY1/mc/bx/n' in size <17.28> not available
(Font)              Font shape `JY1/gt/m/n' tried instead on input line 12.


[1


]

[2]) (./chptr2.tex

[3]

[4

]
第 2 章
LaTeX Font Info:    Font shape `JT1/mc/bx/n' in size <14.4> not available
(Font)              Font shape `JT1/gt/m/n' tried instead on input line 17.
LaTeX Font Info:    Font shape `JY1/mc/bx/n' in size <14.4> not available
(Font)              Font shape `JY1/gt/m/n' tried instead on input line 17.
File: assets/matrix_led.png Graphic file (type bmp)
<assets/matrix_led.png>


[5]
Underfull \hbox (badness 3907) in paragraph at lines 84--85
[]\OT1/cmr/m/n/12 Bluetooth 5.0, Blue-tooth Low En-ergy  \JY1/mc/m/n/12 （\OT1/cmr/m/n/12 Cy-press
 []


Overfull \hbox (25.37326pt too wide) in paragraph at lines 52--99
 [][][][] 
 []



[6]

[7]
File: assets/cloudflare_tunnel.png Graphic file (type bmp)
<assets/cloudflare_tunnel.png>

Underfull \hbox (badness 10000) in paragraph at lines 129--129
[][]\OT1/cmr/m/n/10 https://blog.cloudflare.com/getting-cloudflare-tunnels-to-connect-to-the-cloudflare-
 []



[8]
File: assets/web_site.png Graphic file (type bmp)
<assets/web_site.png>
File: assets/cloudflare_system.png Graphic file (type bmp)
<assets/cloudflare_system.png>


[9]
File: assets/256gradation.png Graphic file (type bmp)
<assets/256gradation.png>


[10]

[11]
File: assets/cat_lighting.jpg Graphic file (type bmp)
<assets/cat_lighting.jpg>


[12]
File: assets/origin_cat.jpg Graphic file (type bmp)
<assets/origin_cat.jpg>


[13]
File: assets/output_0.45.png Graphic file (type bmp)
<assets/output_0.45.png>


[14]
File: assets/gamma_explain.jpg Graphic file (type bmp)
<assets/gamma_explain.jpg>


[15]
File: assets/output_2.2.png Graphic file (type bmp)
<assets/output_2.2.png>
File: assets/display_2.2.jpg Graphic file (type bmp)
<assets/display_2.2.jpg>
) (./chptr3.tex

[16]

[17]

[18

]
第 3 章
File: assets/flicker_pattern.png Graphic file (type bmp)
<assets/flicker_pattern.png>


[19]

[20]
File: assets/split_matrix.png Graphic file (type bmp)
<assets/split_matrix.png>
File: assets/splite_matrix_4.jpg Graphic file (type bmp)
<assets/splite_matrix_4.jpg>


[21]
File: assets/splited_8.jpg Graphic file (type bmp)
<assets/splited_8.jpg>


[22]
File: assets/data_structure.png Graphic file (type bmp)
<assets/data_structure.png>


[23]

[24]) (./chptr4.tex

[25]

[26

]
第 4 章


[27]) (out/main_SONOBE_paper2025.bbl

[28]

LaTeX Warning: Empty `thebibliography' environment on input line 3.

)

[29

]

[30

]

[31]

[32

]
LaTeX Font Info:    Font shape `JT1/mc/bx/n' in size <10.95> not available
(Font)              Font shape `JT1/gt/m/n' tried instead on input line 282.
LaTeX Font Info:    Font shape `JY1/mc/bx/n' in size <10.95> not available
(Font)              Font shape `JY1/gt/m/n' tried instead on input line 282.


[33] (out/main_SONOBE_paper2025.aux)
 ***********
pLaTeX2e <2023-02-14>+1, based on
LaTeX2e <2025-06-01> patch level 1
L3 programming layer <2025-09-02>
 ***********
 ) 
Here is how much of TeX's memory you used:
 2095 strings out of 468392
 33298 string characters out of 5442309
 441538 words of memory out of 5000000
 30745 multiletter control sequences out of 15000+600000
 647418 words of font info for 119 fonts, out of 8000000 for 9000
 929 hyphenation exceptions out of 8191
 57i,12n,65p,680b,348s stack positions out of 10000i,1000n,20000p,200000b,200000s

Output written on out/main_SONOBE_paper2025.dvi (40 pages, 88756 bytes).
