This is e-pTeX, Version 3.1415926-p3.4-110825-2.6 (sjis) (TeX Live 2013/W32TeX) (format=platex 2016.12.12)  22 JAN 2018 15:08
entering extended mode
 restricted \write18 enabled.
 %&-line parsing enabled.
**main_YOURNAME_paper20XX.tex
(./main_YOURNAME_paper20XX.tex
pLaTeX2e <2006/11/10> (based on LaTeX2e <2011/06/27> patch level 0)
Babel <3.9k> and hyphenation patterns for 78 languages loaded.
(./tex_files/jreport2.cls

LaTeX Warning: You have requested document class `./tex_files/jreport2',
               but the document class provides `jreport'.

Document Class: jreport 2001/10/04 v1.3 Standard pLaTeX class
\c@@paper=\count81
(c:/texlive/2013/texmf-dist/tex/platex/base/jsize12.clo
File: jsize12.clo 2006/06/27 v1.6 Standard pLaTeX file (size option)
)
\c@part=\count82
\c@chapter=\count83
\c@section=\count84
\c@subsection=\count85
\c@subsubsection=\count86
\c@paragraph=\count87
\c@subparagraph=\count88
\c@figure=\count89
\c@table=\count90
\abovecaptionskip=\skip41
\belowcaptionskip=\skip42
\symmincho=\mathgroup4
LaTeX Font Info:    Overwriting symbol font `mincho' in version `bold'
(Font)                  JY1/mc/m/n --> JY1/gt/m/n on input line 673.
\toclineskip=\dimen118
\@lnumwidth=\dimen119
\bibindent=\dimen120
\heisei=\count91
)
(c:/texlive/2013/texmf-dist/tex/latex/graphics/graphicx.sty
Package: graphicx 1999/02/16 v1.0f Enhanced LaTeX Graphics (DPC,SPQR)

(c:/texlive/2013/texmf-dist/tex/latex/graphics/keyval.sty
Package: keyval 1999/03/16 v1.13 key=value parser (DPC)
\KV@toks@=\toks15
)
(c:/texlive/2013/texmf-dist/tex/latex/graphics/graphics.sty
Package: graphics 2009/02/05 v1.0o Standard LaTeX Graphics (DPC,SPQR)

(c:/texlive/2013/texmf-dist/tex/latex/graphics/trig.sty
Package: trig 1999/03/16 v1.09 sin cos tan (DPC)
)
(c:/texlive/2013/texmf-dist/tex/latex/latexconfig/graphics.cfg
File: graphics.cfg 2010/04/23 v1.9 graphics configuration of TeX Live
)
Package graphics Info: Driver file: dvipdfmx.def on input line 91.

(c:/texlive/2013/texmf-dist/tex/latex/dvipdfmx-def/dvipdfmx.def
File: dvipdfmx.def 2014/06/07 v3.6 LaTeX graphics driver for dvipdfmx (TeX Live
/ChoF)
))
\Gin@req@height=\dimen121
\Gin@req@width=\dimen122
)
(./tex_files/hangcaption.sty
\captionwidth=\skip43
)
(c:/texlive/2013/texmf-dist/tex/latex/amsfonts/amssymb.sty
Package: amssymb 2013/01/14 v3.01 AMS font symbols

(c:/texlive/2013/texmf-dist/tex/latex/amsfonts/amsfonts.sty
Package: amsfonts 2013/01/14 v3.01 Basic AMSFonts support
\@emptytoks=\toks16
\symAMSa=\mathgroup5
\symAMSb=\mathgroup6
LaTeX Font Info:    Overwriting math alphabet `\mathfrak' in version `bold'
(Font)                  U/euf/m/n --> U/euf/b/n on input line 106.
))
(./tex_files/fancyheadings.sty
\fancy@headwidth=\skip44
\f@ncyO@elh=\skip45
\f@ncyO@erh=\skip46
\f@ncyO@olh=\skip47
\f@ncyO@orh=\skip48
\f@ncyO@elf=\skip49
\f@ncyO@erf=\skip50
\f@ncyO@olf=\skip51
\f@ncyO@orf=\skip52
)
(c:/texlive/2013/texmf-dist/tex/latex/psnfss/pifont.sty
Package: pifont 2005/04/12 PSNFSS-v9.2a Pi font support (SPQR) 

(I search kanjifont definition file: . . ) (I search font definition file: . .
. . . . . )
LaTeX Font Info:    Try loading font information for U+pzd on input line 63.
 (c:/texlive/2013/texmf-dist/tex/latex/psnfss/upzd.fd
File: upzd.fd 2001/06/04 font definitions for U/pzd.
)
(I search kanjifont definition file: . . ) (I search font definition file: . .
. . . . . )
LaTeX Font Info:    Try loading font information for U+psy on input line 64.
 (c:/texlive/2013/texmf-dist/tex/latex/psnfss/upsy.fd
File: upsy.fd 2001/06/04 font definitions for U/psy.
))
(./tex_files/cite.sty

LaTeX Warning: You have requested package `./tex_files/cite',
               but the package provides `cite'.

Package: cite 1999/04/23  v 3.8
) (./tex_files/here.sty)

LaTeX Warning: Unused global option(s):
    [eclepsfｘ].

(./main_YOURNAME_paper20XX.aux

LaTeX Warning: Label `lbl_cp4_fmcam_hyouka' multiply defined.


LaTeX Warning: Label `lbl_cp5_jpg_huf_flw' multiply defined.

)
\openout1 = `main_YOURNAME_paper20XX.aux'.

LaTeX Font Info:    Checking defaults for OML/cmm/m/it on input line 15.
LaTeX Font Info:    ... okay on input line 15.
LaTeX Font Info:    Checking defaults for T1/cmr/m/n on input line 15.
LaTeX Font Info:    ... okay on input line 15.
LaTeX Font Info:    Checking defaults for OT1/cmr/m/n on input line 15.
LaTeX Font Info:    ... okay on input line 15.
LaTeX Font Info:    Checking defaults for OMS/cmsy/m/n on input line 15.
LaTeX Font Info:    ... okay on input line 15.
LaTeX Font Info:    Checking defaults for OMX/cmex/m/n on input line 15.
LaTeX Font Info:    ... okay on input line 15.
LaTeX Font Info:    Checking defaults for U/cmr/m/n on input line 15.
LaTeX Font Info:    ... okay on input line 15.
LaTeX Font Info:    Checking defaults for JY1/mc/m/n on input line 15.
LaTeX Font Info:    ... okay on input line 15.
LaTeX Font Info:    Checking defaults for JT1/mc/m/n on input line 15.
LaTeX Font Info:    ... okay on input line 15.
LaTeX Font Info:    Try loading font information for U+msa on input line 36.
 (c:/texlive/2013/texmf-dist/tex/latex/amsfonts/umsa.fd
File: umsa.fd 2013/01/14 v3.01 AMS symbols A
)
LaTeX Font Info:    Try loading font information for U+msb on input line 36.

(c:/texlive/2013/texmf-dist/tex/latex/amsfonts/umsb.fd
File: umsb.fd 2013/01/14 v3.01 AMS symbols B
) [1


]
LaTeX Font Info:    Font shape `JT1/mc/bx/n' in size <12> not available
(Font)              Font shape `JT1/gt/m/n' tried instead on input line 64.
LaTeX Font Info:    Font shape `JY1/mc/bx/n' in size <12> not available
(Font)              Font shape `JY1/gt/m/n' tried instead on input line 64.
 [1] [2]
LaTeX Font Info:    Font shape `JT1/mc/bx/n' in size <24.88> not available
(Font)              Font shape `JT1/gt/m/n' tried instead on input line 157.
LaTeX Font Info:    Font shape `JY1/mc/bx/n' in size <24.88> not available
(Font)              Font shape `JY1/gt/m/n' tried instead on input line 157.

(./main_YOURNAME_paper20XX.toc [3

])
\tf@toc=\write3
\openout3 = `main_YOURNAME_paper20XX.toc'.



LaTeX Font Warning: Font shape `JT1/mc/m/sl' undefined
(Font)              using `JT1/mc/m/n' instead on input line 159.


LaTeX Font Warning: Font shape `JY1/mc/m/sl' undefined
(Font)              using `JY1/mc/m/n' instead on input line 159.


Package Fancyhdr Warning: \headheight is too small (12.0pt): 
 Make it at least 16.49998pt.
 We now make it that large for the rest of the document.
 This may cause the page layout to be inconsistent, however.

[4] (./main_YOURNAME_paper20XX.lof
Overfull \hbox (19.4038pt too wide) in paragraph at lines 29--29
 [][] []\OT1/cmr/m/n/12 Adapted FM-CAM \JY1/mc/m/sl/12 のポ ート数増加に対する 
\OT1/cmr/m/n/12 FPGA (Xil-inx XC4VLX160) 
 []

[5

] [6])
\tf@lof=\write4
\openout4 = `main_YOURNAME_paper20XX.lof'.

 [7] [8

] (./main_YOURNAME_paper20XX.lot)
\tf@lot=\write5
\openout5 = `main_YOURNAME_paper20XX.lot'.

 [9] (./chptr1.tex
第 1 章

LaTeX Warning: Reference `lbl_cp1_gijyutu' on page 1 undefined on input line 34
.


LaTeX Warning: Reference `lbl_cp1_rsrchpst' on page 1 undefined on input line 3
5.


LaTeX Warning: Reference `lbl_cp1_kousei' on page 1 undefined on input line 41.


LaTeX Font Info:    Font shape `JT1/mc/bx/n' in size <17.28> not available
(Font)              Font shape `JT1/gt/m/n' tried instead on input line 47.
LaTeX Font Info:    Font shape `JY1/mc/bx/n' in size <17.28> not available
(Font)              Font shape `JY1/gt/m/n' tried instead on input line 47.
[1


]
File: ./pics/nomura.eps Graphic file (type eps)
 <./pics/nomura.eps>
File: ./pics/nomura_mobile.eps Graphic file (type eps)
 <./pics/nomura_mobile.eps>
LaTeX Font Info:    Try loading font information for OMS+cmr on input line 98.

(c:/texlive/2013/texmf-dist/tex/latex/base/omscmr.fd
File: omscmr.fd 1999/05/25 v2.5h Standard LaTeX font definitions
)
LaTeX Font Info:    Font shape `OMS/cmr/m/n' in size <12> not available
(Font)              Font shape `OMS/cmsy/m/n' tried instead on input line 98.
 [2] [3]
File: ./pics/mlt_spc.eps Graphic file (type eps)

<./pics/mlt_spc.eps> [4] [5]
File: ./pics/mlt_alg.eps Graphic file (type eps)
 <./pics/mlt_alg.eps>

LaTeX Warning: Reference `lbl_cp1_gijyutu' on page 6 undefined on input line 19
1.


LaTeX Warning: Reference `lbl_cp1_rsrchpst' on page 6 undefined on input line 1
91.

[6]) (./chptr2.tex [7] [8

]
第 2 章

LaTeX Warning: Reference `lbl_cp3_impl' on page 9 undefined on input line 23.


LaTeX Warning: Reference `lbl_cp3_jpeg_huffman' on page 9 undefined on input li
ne 24.


LaTeX Warning: Reference `lbl_cp3_hrd_cst' on page 9 undefined on input line 27
.


LaTeX Warning: Reference `lbl_cp3_hrd_matome' on page 9 undefined on input line
 29.


LaTeX Warning: Reference `lbl_cp1_ashuku_tech' on page 9 undefined on input lin
e 42.


LaTeX Warning: Reference `lbl_cp1_ashuku' on page 9 undefined on input line 42.


[9]
File: ./pics/huffman_tree.eps Graphic file (type eps)
 <./pics/huffman_tree.eps> [10]
LaTeX Font Info:    Font shape `JT1/mc/bx/n' in size <14.4> not available
(Font)              Font shape `JT1/gt/m/n' tried instead on input line 119.
LaTeX Font Info:    Font shape `JY1/mc/bx/n' in size <14.4> not available
(Font)              Font shape `JY1/gt/m/n' tried instead on input line 119.
 [11] [12]
File: ./pics/chrc_block.eps Graphic file (type eps)
 <./pics/chrc_block.eps>
File: ./pics/block_dgrm.eps Graphic file (type eps)

<./pics/block_dgrm.eps> [13] [14]
File: ./pics/enc_pro.eps Graphic file (type eps)
 <./pics/enc_pro.eps> [15]
File: ./pics/enc_flw.eps Graphic file (type eps)

<./pics/enc_flw.eps> [16] [17]
File: ./pics/asgn_mod.eps Graphic file (type eps)
 <./pics/asgn_mod.eps> [18] [19]
File: ./pics/asgn_pro.eps Graphic file (type eps)

<./pics/asgn_pro.eps> [20]
File: ./pics/swap_mod.eps Graphic file (type eps)
 <./pics/swap_mod.eps> [21]) (./chptr3.tex [22]
第 3 章

LaTeX Warning: Reference `lbl_cp4_matome' on page 23 undefined on input line 26
.


LaTeX Warning: Reference `huf_arch' on page 23 undefined on input line 43.

[23

] [24] [25]
File: ./pics/fmcam.eps Graphic file (type eps)
 <./pics/fmcam.eps> [26] [27]
File: ./pics/fmcam_block.eps Graphic file (type eps)
 <./pics/fmcam_block.eps> [28]
File: ./pics/byt_ram.eps Graphic file (type eps)

<./pics/byt_ram.eps> [29]
File: ./pics/mux.eps Graphic file (type eps)
 <./pics/mux.eps> [30]
File: ./pics/prt_module.eps Graphic file (type eps)
 <./pics/prt_module.eps>
[31] [32]
File: ./pics/ring_cnt.eps Graphic file (type eps)
 <./pics/ring_cnt.eps>
File: ./pics/kac02a.eps Graphic file (type eps)
 <./pics/kac02a.eps>
File: ./pics/data.eps Graphic file (type eps)
 <./pics/data.eps> [33]
[34]
File: ./pics/noc.eps Graphic file (type eps)
 <./pics/noc.eps> [35] [36]
File: ./pics/atp_comb.eps Graphic file (type eps)
 <./pics/atp_comb.eps> [37] [38]
File: ./pics/para_gra.eps Graphic file (type eps)

<./pics/para_gra.eps> [39]
File: ./pics/re_fmcam.eps Graphic file (type eps)
 <./pics/re_fmcam.eps>
File: ./pics/re_fmcam_block.eps Graphic file (type eps)
 <./pics/re_fmcam_block.eps>
File: ./pics/memory_space.eps Graphic file (type eps)

<./pics/memory_space.eps>
Overfull \hbox (16.97736pt too wide) in paragraph at lines 698--698
[]\JY1/gt/m/n/14.4 マルチプル／シングルサ ーチモ ード \OT1/cmr/bx/n/14.4 (Mul-t
i-ple/Single Search
 []

[40

] [41] [42]
Overfull \hbox (6.37762pt too wide) in paragraph at lines 749--749
[]\JY1/gt/m/n/14.4 カテゴリ結合モ ード \OT1/cmr/bx/n/14.4 (Scal-a-bil-ity of Ca
t-e-go-riza-tion Struc-
 []

File: ./pics/slct_md_wv.eps Graphic file (type eps)
<./pics/slct_md_wv.eps>
File: ./pics/addr_stg_wv.eps Graphic file (type eps)
 <./pics/addr_stg_wv.eps> [43] [44] [45]
File: ./pics/port_module.eps Graphic file (type eps)

<./pics/port_module.eps> [46

] [47] [48]
File: ./pics/fpga_impl.eps Graphic file (type eps)
 <./pics/fpga_impl.eps>
File: ./pics/re_fmcam_asic.eps Graphic file (type eps)

<./pics/re_fmcam_asic.eps> [49] [50]
File: ./pics/impl_rslt_fpga.eps Graphic file (type eps)
 <./pics/impl_rslt_fpga.eps>
File: ./pics/impl_rslt_asic.eps Graphic file (type eps)

<./pics/impl_rslt_asic.eps> [51] [52] [53]

LaTeX Warning: Reference `lbl_cp1_kousoku' on page 54 undefined on input line 1
012.

File: ./pics/cod_proc.eps Graphic file (type eps)
<./pics/cod_proc.eps> [54

]
File: ./pics/test_pics.eps Graphic file (type eps)
 <./pics/test_pics.eps> [55]
File: ./pics/clk_cycl.eps Graphic file (type eps)
 <./pics/clk_cycl.eps>
File: ./pics/av_clk.eps Graphic file (type eps)

<./pics/av_clk.eps> [56] [57]
File: ./pics/mops.eps Graphic file (type eps)
 <./pics/mops.eps> [58]
File: ./pics/mchrc_block.eps Graphic file (type eps)
 <./pics/mchrc_block.eps>
File: ./pics/assign_mod.eps Graphic file (type eps)

<./pics/assign_mod.eps>
File: ./pics/mhpics.eps Graphic file (type eps)
 <./pics/mhpics.eps> [59]
File: ./pics/cc_dat.eps Graphic file (type eps)
 <./pics/cc_dat.eps> [60])
(./chptr4.tex [61] [62

]
第 4 章

Overfull \hbox (5.11314pt too wide) in paragraph at lines 4--4
[]  
 []


LaTeX Warning: Reference `lbl_cp5_intro' on page 63 undefined on input line 21.



LaTeX Warning: Reference `lbl_cp5_mta' on page 63 undefined on input line 23.

File: ./pics/mta_add.eps Graphic file (type eps)
<./pics/mta_add.eps>
File: ./pics/mta_sub1.eps Graphic file (type eps)
 <./pics/mta_sub1.eps>
File: ./pics/mta_sub2.eps Graphic file (type eps)
 <./pics/mta_sub2.eps>
File: ./pics/mta_mul1.eps Graphic file (type eps)

<./pics/mta_mul1.eps>
File: ./pics/mta_mul2.eps Graphic file (type eps)
 <./pics/mta_mul2.eps>
File: ./pics/mta_div1.eps Graphic file (type eps)
 <./pics/mta_div1.eps>
File: ./pics/mta_div2.eps Graphic file (type eps)

<./pics/mta_div2.eps>
File: ./pics/mta_div3.eps Graphic file (type eps)
 <./pics/mta_div3.eps> [63] [64] [65] [66] [67] [68]
[69] [70] [71]
File: ./pics/mta_impl.eps Graphic file (type eps)
 <./pics/mta_impl.eps>
File: ./pics/mta_pics.eps Graphic file (type eps)
 <./pics/mta_pics.eps>

LaTeX Warning: Reference `lbl_cp5_mta' on page 72 undefined on input line 174.

[72

]

LaTeX Warning: Reference `op_mthd' on page 73 undefined on input line 186.


LaTeX Warning: Reference `op_mthd' on page 73 undefined on input line 187.


LaTeX Warning: Reference `op_mthd' on page 73 undefined on input line 188.


LaTeX Warning: Reference `mta_intf' on page 73 undefined on input line 194.

[73]

LaTeX Warning: Reference `hv_sram' on page 74 undefined on input line 223.

File: ./pics/hv_cam.eps Graphic file (type eps)
<./pics/hv_cam.eps> [74]
File: ./pics/mtb_an.eps Graphic file (type eps)
 <./pics/mtb_an.eps>
File: ./pics/mtb_an_hyoka.eps Graphic file (type eps)
 <./pics/mtb_an_hyoka.eps> [75]
[76]
File: ./pics/mtb_blk.eps Graphic file (type eps)
 <./pics/mtb_blk.eps>

LaTeX Warning: Reference `lbl_cp5_mta_simd_mod' on page 77 undefined on input l
ine 324.

[77

]
File: ./pics/mtb_cnt.eps Graphic file (type eps)
 <./pics/mtb_cnt.eps> [78] [79]
File: ./pics/mtb_spc.eps Graphic file (type eps)
 <./pics/mtb_spc.eps>

LaTeX Warning: Reference `lbl_cp5_mta_simd_mod' on page 80 undefined on input l
ine 474.

[80]
File: ./pics/inst_fld.eps Graphic file (type eps)
 <./pics/inst_fld.eps> [81] [82]
File: ./pics/wrt_flw.eps Graphic file (type eps)
 <./pics/wrt_flw.eps> [83]
File: ./pics/mtb_huff.eps Graphic file (type eps)

<./pics/mtb_huff.eps> [84] [85]
File: ./pics/mtb_aes.eps Graphic file (type eps)
 <./pics/mtb_aes.eps> [86]
File: ./pics/mtb_impl_sft.eps Graphic file (type eps)

<./pics/mtb_impl_sft.eps>
File: ./pics/mtb_impl_hrd.eps Graphic file (type eps)
 <./pics/mtb_impl_hrd.eps>
File: ./pics/hv_cell.eps Graphic file (type eps)
 <./pics/hv_cell.eps>
File: ./pics/hv_ary.eps Graphic file (type eps)

<./pics/hv_ary.eps> [87] [88] [89]
File: ./pics/jpg_srs.eps Graphic file (type eps)
 <./pics/jpg_srs.eps>
File: ./pics/baseline.eps Graphic file (type eps)
 <./pics/baseline.eps>
[90

]
File: ./pics/pic_fre.eps Graphic file (type eps)
 <./pics/pic_fre.eps>
File: ./pics/dct_pat.eps Graphic file (type eps)
 <./pics/dct_pat.eps> [91]

LaTeX Warning: Reference `lbl_cp5_mta_simd_mod' on page 92 undefined on input l
ine 913.

[92]
File: ./pics/dct_flw.eps Graphic file (type eps)
 <./pics/dct_flw.eps>
File: ./pics/str_img.eps Graphic file (type eps)
 <./pics/str_img.eps>

LaTeX Warning: Reference `dsp_simd' on page 93 undefined on input line 950.


LaTeX Warning: Reference `dsp_simd' on page 93 undefined on input line 959.

[93] [94]
File: ./pics/mtx_flw.eps Graphic file (type eps)
 <./pics/mtx_flw.eps> [95]
File: ./pics/mtx_sflw.eps Graphic file (type eps)
 <./pics/mtx_sflw.eps> [96] [97]
File: ./pics/dct_clk.eps Graphic file (type eps)

<./pics/dct_clk.eps>
File: ./pics/dct_mops.eps Graphic file (type eps)
 <./pics/dct_mops.eps> [98] [99]
File: ./pics/huf_flw.eps Graphic file (type eps)
 <./pics/huf_flw.eps>
[100

] [101]
File: ./pics/smp_pics0.eps Graphic file (type eps)
 <./pics/smp_pics0.eps>
File: ./pics/smp_pics1.eps Graphic file (type eps)
 <./pics/smp_pics1.eps>
File: ./pics/smp_pics2.eps Graphic file (type eps)

<./pics/smp_pics2.eps>
File: ./pics/smp_pics3.eps Graphic file (type eps)
 <./pics/smp_pics3.eps>
File: ./pics/smp_pics4.eps Graphic file (type eps)
 <./pics/smp_pics4.eps> [102]
[103] [104] [105] [106]
File: ./pics/ck_proc.eps Graphic file (type eps)
 <./pics/ck_proc.eps> [107

] [108]
File: ./pics/jpg_tbl.eps Graphic file (type eps)
 <./pics/jpg_tbl.eps>
File: ./pics/jpg_clk.eps Graphic file (type eps)

<./pics/jpg_clk.eps>
File: ./pics/jpg_ppa.eps Graphic file (type eps)
 <./pics/jpg_ppa.eps> [109] [110]) (./chptr5.tex [111

]
[112

]
第 5 章
[113]
Overfull \hbox (8.12405pt too wide) in paragraph at lines 52--58
[]$[]$ 
 []

[114] [115]
Overfull \hbox (5.83159pt too wide) in paragraph at lines 163--171
[]$[]$ 
 []

[116]
Overfull \hbox (7.86891pt too wide) in paragraph at lines 218--228
[]$[]$ 
 []

[117]
Overfull \hbox (7.55678pt too wide) in paragraph at lines 229--240
[]$[]$ 
 []

[118] [119]
File: ./pics/neo_mtx.eps Graphic file (type eps)
 <./pics/neo_mtx.eps>) (./main_YOURNAME_paper20XX.bbl [120] [121]
[122

]
Overfull \hbox (31.48505pt too wide) in paragraph at lines 31--32
[]\OT1/cmr/m/n/12 http://japan.renesas.com/fmwk.jsp?cnt=sh7785[]root.jsp&fp=/pr
oducts/mpumcu/ 
 []

[123] [124] [125]
Underfull \hbox (badness 7777) in paragraph at lines 186--189
[]\JY1/mc/m/sl/12 池田　誠\OT1/cmr/m/n/12 , \JY1/mc/m/sl/12 浅田邦博\OT1/cmr/m/
n/12 , ``\JY1/mc/m/sl/12 最近傍デ ータ探索機能を有する \OT1/cmr/m/n/12 CAM \JY1
/mc/m/sl/12 マク
 []


Underfull \hbox (badness 3471) in paragraph at lines 186--189
\JY1/mc/m/sl/12 ロ\OT1/cmr/m/n/12 ,'' 1999 \JY1/mc/m/sl/12 年第 \OT1/cmr/m/n/12
 1 \JY1/mc/m/sl/12 回 \OT1/cmr/m/n/12 LSI IP \JY1/mc/m/sl/12 デザイン ・ アワ 
ード 開発奨励賞\OT1/cmr/m/n/12 , 1999.
 []

[126]) [127] [128

] [129]
Missing character: There is no ^^ef in font cmr12!
Missing character: There is no ^^bd in font cmr12!
Missing character: There is no ^^aa in font cmr12!
 [130]
LaTeX Font Info:    Font shape `JT1/mc/bx/n' in size <10.95> not available
(Font)              Font shape `JT1/gt/m/n' tried instead on input line 275.
LaTeX Font Info:    Font shape `JY1/mc/bx/n' in size <10.95> not available
(Font)              Font shape `JY1/gt/m/n' tried instead on input line 275.
LaTeX Font Info:    Font shape `OMS/cmr/m/n' in size <10.95> not available
(Font)              Font shape `OMS/cmsy/m/n' tried instead on input line 278.

Overfull \hbox (3.56764pt too wide) in paragraph at lines 283--288
\OT1/cmr/m/n/10.95 content-addressable mem-ory," Sys-tems and com-put-ers in Ja
pan, Vol-ume 37, No. 11,
 []


Overfull \hbox (2.68561pt too wide) in paragraph at lines 288--294
[]$[]$\OT1/cmr/m/n/10.95 , Ya-suto Kuroda, Masakatsu Ishizaki, Tet-sushi Koide,
 Hans J^^?urgen
 []


Overfull \hbox (8.95146pt too wide) in paragraph at lines 308--314
[]$[]$\OT1/cmr/m/n/10.95 , Ya-suto Kuroda, Tet-sushi Koide, Hans J^^?urgen Mat-
tausch, Hideyuki
 []


Overfull \hbox (8.95146pt too wide) in paragraph at lines 314--320
[]$[]$\OT1/cmr/m/n/10.95 , Ya-suto Kuroda, Tet-sushi Koide, Hans J^^?urgen Mat-
tausch, Hideyuki
 []

[131

] [132] (./main_YOURNAME_paper20XX.aux)

LaTeX Font Warning: Some font shapes were not available, defaults substituted.


LaTeX Warning: There were undefined references.


LaTeX Warning: There were multiply-defined labels.

 ) 
Here is how much of TeX's memory you used:
 1691 strings out of 494001
 21014 string characters out of 6157276
 78347 words of memory out of 5000000
 5022 multiletter control sequences out of 15000+600000
 25515 words of font info for 102 fonts, out of 8000000 for 9000
 745 hyphenation exceptions out of 8191
 31i,11n,43p,264b,417s stack positions out of 5000i,500n,10000p,200000b,80000s

Output written on main_YOURNAME_paper20XX.dvi (142 pages, 402188 bytes).
